生成启动时间为 2015/3/11 星期三 15:10:46。
     1>项目“C:\Users\jiangchao001\Desktop\test\yxyDES2_MFC\yxyDES2_MFC\yxyDES2.vcxproj”在节点 2 上(build 个目标)。
     1>InitializeBuildStatus:
         正在创建“Release\yxyDES2.unsuccessfulbuild”，因为已指定“AlwaysCreate”。
       ClCompile:
         C:\Program Files (x86)\Microsoft Visual Studio 10.0\VC\bin\CL.exe /c /Zi /nologo /W3 /WX- /O2 /Oi /Oy- /GL /D WIN32 /D NDEBUG /D _CONSOLE /D _UNICODE /D UNICODE /Gm- /EHsc /MD /GS /Gy /fp:precise /Zc:wchar_t /Zc:forScope /Yc"StdAfx.h" /Fp"Release\yxyDES2.pch" /Fo"Release\\" /Fd"Release\vc100.pdb" /Gd /TP /analyze- /errorReport:prompt stdafx.cpp
         stdafx.cpp
         C:\Program Files (x86)\Microsoft Visual Studio 10.0\VC\bin\CL.exe /c /Zi /nologo /W3 /WX- /O2 /Oi /Oy- /GL /D WIN32 /D NDEBUG /D _CONSOLE /D _UNICODE /D UNICODE /Gm- /EHsc /MD /GS /Gy /fp:precise /Zc:wchar_t /Zc:forScope /Yu"StdAfx.h" /Fp"Release\yxyDES2.pch" /Fo"Release\\" /Fd"Release\vc100.pdb" /Gd /TP /analyze- /errorReport:prompt testMain.cpp yxyDES2.cpp
         testMain.cpp
         yxyDES2.cpp
       Link:
         C:\Program Files (x86)\Microsoft Visual Studio 10.0\VC\bin\link.exe /ERRORREPORT:PROMPT /OUT:"C:\Users\jiangchao001\Desktop\test\yxyDES2_MFC\yxyDES2_MFC\Release\yxyDES2.exe" /INCREMENTAL:NO /NOLOGO kernel32.lib user32.lib gdi32.lib winspool.lib comdlg32.lib advapi32.lib shell32.lib ole32.lib oleaut32.lib uuid.lib odbc32.lib odbccp32.lib /MANIFEST /ManifestFile:"Release\yxyDES2.exe.intermediate.manifest" /MANIFESTUAC:"level='asInvoker' uiAccess='false'" /DEBUG /PDB:"C:\Users\jiangchao001\Desktop\test\yxyDES2_MFC\yxyDES2_MFC\Release\yxyDES2.pdb" /SUBSYSTEM:CONSOLE /OPT:REF /OPT:ICF /LTCG /TLBID:1 /DYNAMICBASE /NXCOMPAT /IMPLIB:"C:\Users\jiangchao001\Desktop\test\yxyDES2_MFC\yxyDES2_MFC\Release\yxyDES2.lib" /MACHINE:X86 Release\stdafx.obj
         Release\testMain.obj
         Release\yxyDES2.obj
         正在生成代码
         已完成代码的生成
         yxyDES2.vcxproj -> C:\Users\jiangchao001\Desktop\test\yxyDES2_MFC\yxyDES2_MFC\Release\yxyDES2.exe
       Manifest:
         C:\Program Files (x86)\Microsoft SDKs\Windows\v7.0A\bin\mt.exe /nologo /verbose /outputresource:"C:\Users\jiangchao001\Desktop\test\yxyDES2_MFC\yxyDES2_MFC\Release\yxyDES2.exe;#1" /manifest Release\yxyDES2.exe.intermediate.manifest
       FinalizeBuildStatus:
         正在删除文件“Release\yxyDES2.unsuccessfulbuild”。
         正在对“Release\yxyDES2.lastbuildstate”执行 Touch 任务。
     1>已完成生成项目“C:\Users\jiangchao001\Desktop\test\yxyDES2_MFC\yxyDES2_MFC\yxyDES2.vcxproj”(build 个目标)的操作。

生成成功。

已用时间 00:00:03.15
