Build started 2015/3/12 星期四 上午 8:49:29.
     1>Project "F:\研究生课件\vs2010\yxyDES2_MFC\yxyDES2.vcxproj" on node 2 (build target(s)).
     1>InitializeBuildStatus:
         Creating "Debug\yxyDES2.unsuccessfulbuild" because "AlwaysCreate" was specified.
       ClCompile:
         d:\Program Files\Microsoft Visual Studio 10.0\VC\bin\CL.exe /c /ZI /nologo /W3 /WX- /Od /Oy- /D WIN32 /D _DEBUG /D _CONSOLE /D _UNICODE /D UNICODE /Gm /EHsc /RTC1 /MDd /GS /fp:precise /Zc:wchar_t /Zc:forScope /Yc"StdAfx.h" /Fp"Debug\yxyDES2.pch" /Fo"Debug\\" /Fd"Debug\vc100.pdb" /Gd /TP /analyze- /errorReport:prompt stdafx.cpp
         stdafx.cpp
         d:\Program Files\Microsoft Visual Studio 10.0\VC\bin\CL.exe /c /ZI /nologo /W3 /WX- /Od /Oy- /D WIN32 /D _DEBUG /D _CONSOLE /D _UNICODE /D UNICODE /Gm /EHsc /RTC1 /MDd /GS /fp:precise /Zc:wchar_t /Zc:forScope /Yu"StdAfx.h" /Fp"Debug\yxyDES2.pch" /Fo"Debug\\" /Fd"Debug\vc100.pdb" /Gd /TP /analyze- /errorReport:prompt testMain.cpp yxyDES2.cpp
         yxyDES2.cpp
         testMain.cpp
         Generating Code...
       ManifestResourceCompile:
         C:\Program Files\Microsoft SDKs\Windows\v7.0A\bin\rc.exe /nologo /fo"Debug\yxyDES2.exe.embed.manifest.res" Debug\yxyDES2_manifest.rc 
       Link:
         d:\Program Files\Microsoft Visual Studio 10.0\VC\bin\link.exe /ERRORREPORT:PROMPT /OUT:"F:\研究生课件\vs2010\yxyDES2_MFC\Debug\yxyDES2.exe" /INCREMENTAL /NOLOGO kernel32.lib user32.lib gdi32.lib winspool.lib comdlg32.lib advapi32.lib shell32.lib ole32.lib oleaut32.lib uuid.lib odbc32.lib odbccp32.lib /MANIFEST /ManifestFile:"Debug\yxyDES2.exe.intermediate.manifest" /MANIFESTUAC:"level='asInvoker' uiAccess='false'" /DEBUG /PDB:"F:\研究生课件\vs2010\yxyDES2_MFC\Debug\yxyDES2.pdb" /SUBSYSTEM:CONSOLE /TLBID:1 /DYNAMICBASE /NXCOMPAT /IMPLIB:"F:\研究生课件\vs2010\yxyDES2_MFC\Debug\yxyDES2.lib" /MACHINE:X86 Debug\yxyDES2.exe.embed.manifest.res
         Debug\stdafx.obj
         Debug\testMain.obj
         Debug\yxyDES2.obj
       Manifest:
         C:\Program Files\Microsoft SDKs\Windows\v7.0A\bin\mt.exe /nologo /verbose /out:"Debug\yxyDES2.exe.embed.manifest" /manifest Debug\yxyDES2.exe.intermediate.manifest
         C:\Program Files\Microsoft SDKs\Windows\v7.0A\bin\rc.exe /nologo /fo"Debug\yxyDES2.exe.embed.manifest.res" Debug\yxyDES2_manifest.rc 
       LinkEmbedManifest:
         d:\Program Files\Microsoft Visual Studio 10.0\VC\bin\link.exe /ERRORREPORT:PROMPT /OUT:"F:\研究生课件\vs2010\yxyDES2_MFC\Debug\yxyDES2.exe" /INCREMENTAL /NOLOGO kernel32.lib user32.lib gdi32.lib winspool.lib comdlg32.lib advapi32.lib shell32.lib ole32.lib oleaut32.lib uuid.lib odbc32.lib odbccp32.lib /MANIFEST /ManifestFile:"Debug\yxyDES2.exe.intermediate.manifest" /MANIFESTUAC:"level='asInvoker' uiAccess='false'" /DEBUG /PDB:"F:\研究生课件\vs2010\yxyDES2_MFC\Debug\yxyDES2.pdb" /SUBSYSTEM:CONSOLE /TLBID:1 /DYNAMICBASE /NXCOMPAT /IMPLIB:"F:\研究生课件\vs2010\yxyDES2_MFC\Debug\yxyDES2.lib" /MACHINE:X86 Debug\yxyDES2.exe.embed.manifest.res
         Debug\stdafx.obj
         Debug\testMain.obj
         Debug\yxyDES2.obj
         yxyDES2.vcxproj -> F:\研究生课件\vs2010\yxyDES2_MFC\Debug\yxyDES2.exe
       FinalizeBuildStatus:
         Deleting file "Debug\yxyDES2.unsuccessfulbuild".
         Touching "Debug\yxyDES2.lastbuildstate".
     1>Done Building Project "F:\研究生课件\vs2010\yxyDES2_MFC\yxyDES2.vcxproj" (build target(s)).

Build succeeded.

Time Elapsed 00:00:10.24
